<?xml version="1.0" encoding="UTF-8"?>
<!-- Generated by org.testng.reporters.JUnitReportReporter -->
<testsuite hostname="DESKTOP-BKASB7R" failures="0" tests="3" name="testNG.Dependencies" time="0.022" errors="0" timestamp="2022-10-11T10:43:40 IST" skipped="0">
  <testcase classname="testNG.Dependencies" name="firstTestCase" time="0.018"/>
  <system-out/>
  <testcase classname="testNG.Dependencies" name="secondTestCase" time="0.002"/>
  <system-out/>
  <testcase classname="testNG.Dependencies" name="thirdTestCase" time="0.002"/>
  <system-out/>
</testsuite> <!-- testNG.Dependencies -->
