<?xml version="1.0" encoding="UTF-8"?>
<!-- Generated by org.testng.reporters.JUnitReportReporter -->
<testsuite hostname="DESKTOP-BKASB7R" failures="0" tests="5" name="testNG.settingPriority" time="0.033" errors="0" timestamp="2022-10-11T17:51:24 IST" skipped="0">
  <testcase classname="testNG.settingPriority" name="firstTestCase" time="0.019"/>
  <system-out/>
  <testcase classname="testNG.settingPriority" name="secondTestCase" time="0.005"/>
  <system-out/>
  <testcase classname="testNG.settingPriority" name="thirdTestCase" time="0.004"/>
  <system-out/>
  <testcase classname="testNG.settingPriority" name="fourthTestCase" time="0.003"/>
  <system-out/>
  <testcase classname="testNG.settingPriority" name="fifthTestCase" time="0.002"/>
  <system-out/>
</testsuite> <!-- testNG.settingPriority -->
