<?xml version="1.0" encoding="UTF-8"?>
<!-- Generated by org.testng.reporters.JUnitReportReporter -->
<testsuite hostname="DESKTOP-BKASB7R" failures="0" tests="4" name="testNG.GroupingExample" time="0.020" errors="0" timestamp="2022-10-11T12:14:53 IST" skipped="0">
  <testcase classname="testNG.GroupingExample" name="vivo2" time="0.002"/>
  <system-out/>
  <testcase classname="testNG.GroupingExample" name="vivo1" time="0.003"/>
  <system-out/>
  <testcase classname="testNG.GroupingExample" name="apple2" time="0.002"/>
  <system-out/>
  <testcase classname="testNG.GroupingExample" name="apple1" time="0.013"/>
  <system-out/>
</testsuite> <!-- testNG.GroupingExample -->
