<?xml version="1.0" encoding="UTF-8"?>
<!-- Generated by org.testng.reporters.JUnitReportReporter -->
<testsuite hostname="DESKTOP-BKASB7R" failures="0" tests="2" name="testNG.ExecutingTestCasesParallel" time="8.263" errors="0" timestamp="2022-10-11T15:05:21 IST" skipped="0">
  <testcase classname="testNG.ExecutingTestCasesParallel" name="openGoogle" time="4.373"/>
  <system-out/>
  <testcase classname="testNG.ExecutingTestCasesParallel" name="openBing" time="3.890"/>
  <system-out/>
</testsuite> <!-- testNG.ExecutingTestCasesParallel -->
