<?xml version="1.0" encoding="UTF-8"?>
<!-- Generated by org.testng.reporters.JUnitReportReporter -->
<testsuite hostname="DESKTOP-BKASB7R" failures="0" tests="3" name="testNG.SuiteExample" time="3.337" errors="0" timestamp="2022-10-10T17:00:56 IST" skipped="0">
  <testcase classname="testNG.SuiteExample" name="openBing" time="0.651"/>
  <system-out/>
  <testcase classname="testNG.SuiteExample" name="openGoogle" time="1.632"/>
  <system-out/>
  <testcase classname="testNG.SuiteExample" name="openYahoo" time="1.054"/>
  <system-out/>
</testsuite> <!-- testNG.SuiteExample -->
