<?xml version="1.0" encoding="UTF-8"?>
<!-- Generated by org.testng.reporters.JUnitReportReporter -->
<testsuite hostname="DESKTOP-BKASB7R" failures="0" tests="1" name="testNG.Parameterization" time="0.011" errors="0" timestamp="2022-10-11T14:28:04 IST" skipped="0">
  <testcase classname="testNG.Parameterization" name="printname" time="0.011"/>
  <system-out/>
</testsuite> <!-- testNG.Parameterization -->
