<?xml version="1.0" encoding="UTF-8"?>
<!-- Generated by org.testng.reporters.JUnitReportReporter -->
<testsuite hostname="DESKTOP-BKASB7R" failures="0" tests="5" name="testNG.SkippingTestCase" time="0.010" errors="0" timestamp="2022-10-11T12:09:35 IST" skipped="1">
  <testcase classname="testNG.SkippingTestCase" name="firstTestCase" time="0.002"/>
  <system-out/>
  <testcase classname="testNG.SkippingTestCase" name="secondTestCase" time="0.001"/>
  <system-out/>
  <testcase classname="testNG.SkippingTestCase" name="fourthTestCase" time="0.002"/>
  <system-out/>
  <testcase classname="testNG.SkippingTestCase" name="fifthTestCase" time="0.005"/>
  <system-out/>
  <testcase classname="testNG.SkippingTestCase" name="thirdTestCase">
    <skipped/>
  </testcase> <!-- thirdTestCase -->
  <system-out/>
</testsuite> <!-- testNG.SkippingTestCase -->
