<?xml version="1.0" encoding="UTF-8"?>
<!-- Generated by org.testng.reporters.JUnitReportReporter -->
<testsuite hostname="DESKTOP-BKASB7R" failures="0" tests="4" name="testNG.FirstTest" time="0.024" errors="0" timestamp="2022-10-11T17:40:25 IST" skipped="0">
  <testcase classname="testNG.FirstTest" name="thirdTestCase" time="0.002"/>
  <system-out/>
  <testcase classname="testNG.FirstTest" name="fourthTestCase" time="0.004"/>
  <system-out/>
  <testcase classname="testNG.FirstTest" name="firstTestCase" time="0.014"/>
  <system-out/>
  <testcase classname="testNG.FirstTest" name="secondTestCase" time="0.004"/>
  <system-out/>
</testsuite> <!-- testNG.FirstTest -->
